<?xml version="1.0" encoding="UTF-8"?>
<testsuite name="HoverTests" tests="1" skipped="0" failures="0" errors="0" timestamp="2023-05-01T18:32:50" hostname="LAPTOP-8IF7CKAB" time="9.114">
  <properties/>
  <testcase name="GithubHover()" classname="HoverTests" time="9.114"/>
  <system-out><![CDATA[]]></system-out>
  <system-err><![CDATA[SLF4J: No SLF4J providers were found.
SLF4J: Defaulting to no-operation (NOP) logger implementation
SLF4J: See https://www.slf4j.org/codes.html#noProviders for further details.
SLF4J: Class path contains SLF4J bindings targeting slf4j-api versions 1.7.x or earlier.
SLF4J: Ignoring binding found at [jar:file:/C:/Users/%d0%98%d0%bb%d1%8c%d1%8f/.gradle/caches/modules-2/files-2.1/org.slf4j/slf4j-simple/1.7.29/82ae07f95088577987a15d90171de12b00d81847/slf4j-simple-1.7.29.jar!/org/slf4j/impl/StaticLoggerBinder.class]
SLF4J: See https://www.slf4j.org/codes.html#ignoredBindings for an explanation.
Starting ChromeDriver 112.0.5615.49 (bd2a7bcb881c11e8cfe3078709382934e3916914-refs/branch-heads/5615@{#936}) on port 9813
Only local connections are allowed.
Please see https://chromedriver.chromium.org/security-considerations for suggestions on keeping ChromeDriver safe.
ChromeDriver was started successfully.
]]></system-err>
</testsuite>
